1543228894619	mozrunner::runner	INFO	Running command: "/usr/bin/firefox" "-marionette" "-foreground" "-no-remote" "-profile" "/tmp/rust_mozprofile.N5CRHxiaVWi8"
1543228896726	Marionette	INFO	Listening on port 40989
1543228896834	Marionette	WARN	TLS certificate errors will be ignored for this session
console.error: BroadcastService: 
  receivedBroadcastMessage: handler for
  remote-settings/monitor_changes
  threw error:
  Message: Error: Polling for changes failed: NetworkError when attempting to fetch resource..
  Stack:
    remoteSettingsFunction/remoteSettings.pollChanges@resource://services-settings/remote-settings.js:721:13

1543229260535	mozrunner::runner	INFO	Running command: "/usr/bin/firefox" "-marionette" "-foreground" "-no-remote" "-profile" "/tmp/rust_mozprofile.UcX9fi8snCjq"
1543229262927	Marionette	INFO	Listening on port 42955
1543229262943	Marionette	WARN	TLS certificate errors will be ignored for this session
console.error: BroadcastService: 
  receivedBroadcastMessage: handler for
  remote-settings/monitor_changes
  threw error:
  Message: Error: Polling for changes failed: NetworkError when attempting to fetch resource..
  Stack:
    remoteSettingsFunction/remoteSettings.pollChanges@resource://services-settings/remote-settings.js:721:13

1543229419886	mozrunner::runner	INFO	Running command: "/usr/bin/firefox" "-marionette" "-foreground" "-no-remote" "-profile" "/tmp/rust_mozprofile.Tuo52kcGwfEJ"
1543229422310	Marionette	INFO	Listening on port 44211
1543229422391	Marionette	WARN	TLS certificate errors will be ignored for this session
console.error: BroadcastService: 
  receivedBroadcastMessage: handler for
  remote-settings/monitor_changes
  threw error:
  Message: Error: Polling for changes failed: NetworkError when attempting to fetch resource..
  Stack:
    remoteSettingsFunction/remoteSettings.pollChanges@resource://services-settings/remote-settings.js:721:13

1543229449305	mozrunner::runner	INFO	Running command: "/usr/bin/firefox" "-marionette" "-foreground" "-no-remote" "-profile" "/tmp/rust_mozprofile.RQWNZoMgjpmA"
1543229451585	Marionette	INFO	Listening on port 36797
1543229451611	Marionette	WARN	TLS certificate errors will be ignored for this session
console.error: BroadcastService: 
  receivedBroadcastMessage: handler for
  remote-settings/monitor_changes
  threw error:
  Message: Error: Polling for changes failed: NetworkError when attempting to fetch resource..
  Stack:
    remoteSettingsFunction/remoteSettings.pollChanges@resource://services-settings/remote-settings.js:721:13

[Parent 5607, Gecko_IOThread] WARNING: pipe error (92): Connection reset by peer: file /build/firefox-Qjvn2X/firefox-63.0.3+build1/ipc/chromium/src/chrome/common/ipc_channel_posix.cc, line 356
[Parent 5607, Gecko_IOThread] WARNING: pipe error (78): Connection reset by peer: file /build/firefox-Qjvn2X/firefox-63.0.3+build1/ipc/chromium/src/chrome/common/ipc_channel_posix.cc, line 356
1543229509873	Marionette	INFO	Stopped listening on port 36797
[Parent 5366, Gecko_IOThread] WARNING: pipe error (40): Connection reset by peer: file /build/firefox-Qjvn2X/firefox-63.0.3+build1/ipc/chromium/src/chrome/common/ipc_channel_posix.cc, line 356
[Parent 5366, Gecko_IOThread] WARNING: pipe error (78): Connection reset by peer: file /build/firefox-Qjvn2X/firefox-63.0.3+build1/ipc/chromium/src/chrome/common/ipc_channel_posix.cc, line 356
1543229511042	Marionette	INFO	Stopped listening on port 44211
[Parent 5122, Gecko_IOThread] WARNING: pipe error (65): Connection reset by peer: file /build/firefox-Qjvn2X/firefox-63.0.3+build1/ipc/chromium/src/chrome/common/ipc_channel_posix.cc, line 356
[Parent 5122, Gecko_IOThread] WARNING: pipe error (78): Connection reset by peer: file /build/firefox-Qjvn2X/firefox-63.0.3+build1/ipc/chromium/src/chrome/common/ipc_channel_posix.cc, line 356
1543229512374	Marionette	INFO	Stopped listening on port 42955
[Parent 4849, Gecko_IOThread] WARNING: pipe error (40): Connection reset by peer: file /build/firefox-Qjvn2X/firefox-63.0.3+build1/ipc/chromium/src/chrome/common/ipc_channel_posix.cc, line 356
[Parent 4849, Gecko_IOThread] WARNING: pipe error (78): Connection reset by peer: file /build/firefox-Qjvn2X/firefox-63.0.3+build1/ipc/chromium/src/chrome/common/ipc_channel_posix.cc, line 356
1543229513788	Marionette	INFO	Stopped listening on port 40989
1543230439313	mozrunner::runner	INFO	Running command: "/usr/bin/firefox" "-marionette" "-foreground" "-no-remote" "-profile" "/tmp/rust_mozprofile.jRa47wD1pZa1"
1543230441668	Marionette	INFO	Listening on port 38935
1543230441721	Marionette	WARN	TLS certificate errors will be ignored for this session

(firefox:10732): LIBDBUSMENU-GTK-CRITICAL **: dbusmenu_menuitem_property_set_shortcut: assertion 'gtk_accelerator_valid(key, modifier)' failed
console.error: BroadcastService: 
  receivedBroadcastMessage: handler for
  remote-settings/monitor_changes
  threw error:
  Message: Error: Polling for changes failed: NetworkError when attempting to fetch resource..
  Stack:
    remoteSettingsFunction/remoteSettings.pollChanges@resource://services-settings/remote-settings.js:721:13

1543230604122	mozrunner::runner	INFO	Running command: "/usr/bin/firefox" "-marionette" "-foreground" "-no-remote" "-profile" "/tmp/rust_mozprofile.xaNTuOTd3odr"
1543230606343	Marionette	INFO	Listening on port 43481
1543230606440	Marionette	WARN	TLS certificate errors will be ignored for this session
console.error: BroadcastService: 
  receivedBroadcastMessage: handler for
  remote-settings/monitor_changes
  threw error:
  Message: Error: Polling for changes failed: NetworkError when attempting to fetch resource..
  Stack:
    remoteSettingsFunction/remoteSettings.pollChanges@resource://services-settings/remote-settings.js:721:13

1543230719350	mozrunner::runner	INFO	Running command: "/usr/bin/firefox" "-marionette" "-foreground" "-no-remote" "-profile" "/tmp/rust_mozprofile.9bXvhcrQaVp9"
1543230721590	Marionette	INFO	Listening on port 41247
1543230721656	Marionette	WARN	TLS certificate errors will be ignored for this session
console.error: BroadcastService: 
  receivedBroadcastMessage: handler for
  remote-settings/monitor_changes
  threw error:
  Message: Error: Polling for changes failed: NetworkError when attempting to fetch resource..
  Stack:
    remoteSettingsFunction/remoteSettings.pollChanges@resource://services-settings/remote-settings.js:721:13

1543231634270	mozrunner::runner	INFO	Running command: "/usr/bin/firefox" "-marionette" "-foreground" "-no-remote" "-profile" "/tmp/rust_mozprofile.MY31un0kPzO7"
1543231636363	Marionette	INFO	Listening on port 33723
1543231636385	Marionette	WARN	TLS certificate errors will be ignored for this session
console.error: BroadcastService: 
  receivedBroadcastMessage: handler for
  remote-settings/monitor_changes
  threw error:
  Message: Error: Polling for changes failed: NetworkError when attempting to fetch resource..
  Stack:
    remoteSettingsFunction/remoteSettings.pollChanges@resource://services-settings/remote-settings.js:721:13

[Parent 11591, Gecko_IOThread] WARNING: pipe error (92): Connection reset by peer: file /build/firefox-Qjvn2X/firefox-63.0.3+build1/ipc/chromium/src/chrome/common/ipc_channel_posix.cc, line 356
[Parent 11591, Gecko_IOThread] WARNING: pipe error (78): Connection reset by peer: file /build/firefox-Qjvn2X/firefox-63.0.3+build1/ipc/chromium/src/chrome/common/ipc_channel_posix.cc, line 356
1543231714446	Marionette	INFO	Stopped listening on port 33723
[Parent 11270, Gecko_IOThread] WARNING: pipe error (81): Connection reset by peer: file /build/firefox-Qjvn2X/firefox-63.0.3+build1/ipc/chromium/src/chrome/common/ipc_channel_posix.cc, line 356
[Parent 11270, Gecko_IOThread] WARNING: pipe error (78): Connection reset by peer: file /build/firefox-Qjvn2X/firefox-63.0.3+build1/ipc/chromium/src/chrome/common/ipc_channel_posix.cc, line 356
1543231715583	Marionette	INFO	Stopped listening on port 41247
[Parent 11025, Gecko_IOThread] WARNING: pipe error (81): Connection reset by peer: file /build/firefox-Qjvn2X/firefox-63.0.3+build1/ipc/chromium/src/chrome/common/ipc_channel_posix.cc, line 356
[Parent 11025, Gecko_IOThread] WARNING: pipe error (78): Connection reset by peer: file /build/firefox-Qjvn2X/firefox-63.0.3+build1/ipc/chromium/src/chrome/common/ipc_channel_posix.cc, line 356
1543231717110	Marionette	INFO	Stopped listening on port 43481
1543231758957	mozrunner::runner	INFO	Running command: "/usr/bin/firefox" "-marionette" "-foreground" "-no-remote" "-profile" "/tmp/rust_mozprofile.kVOP3heHooT2"
1543231760990	Marionette	INFO	Listening on port 41007
1543231761063	Marionette	WARN	TLS certificate errors will be ignored for this session
console.error: BroadcastService: 
  receivedBroadcastMessage: handler for
  remote-settings/monitor_changes
  threw error:
  Message: Error: Polling for changes failed: NetworkError when attempting to fetch resource..
  Stack:
    remoteSettingsFunction/remoteSettings.pollChanges@resource://services-settings/remote-settings.js:721:13

1543231918292	mozrunner::runner	INFO	Running command: "/usr/bin/firefox" "-marionette" "-foreground" "-no-remote" "-profile" "/tmp/rust_mozprofile.AS1nJuw9QNBM"
1543231920360	Marionette	INFO	Listening on port 39437
1543231920399	Marionette	WARN	TLS certificate errors will be ignored for this session
console.error: BroadcastService: 
  receivedBroadcastMessage: handler for
  remote-settings/monitor_changes
  threw error:
  Message: Error: Polling for changes failed: NetworkError when attempting to fetch resource..
  Stack:
    remoteSettingsFunction/remoteSettings.pollChanges@resource://services-settings/remote-settings.js:721:13

1543232057751	mozrunner::runner	INFO	Running command: "/usr/bin/firefox" "-marionette" "-foreground" "-no-remote" "-profile" "/tmp/rust_mozprofile.mpDrsWEwKhba"
1543232059831	Marionette	INFO	Listening on port 38775
1543232059857	Marionette	WARN	TLS certificate errors will be ignored for this session
[Parent 11849, Gecko_IOThread] WARNING: pipe error (78): Connection reset by peer: file /build/firefox-Qjvn2X/firefox-63.0.3+build1/ipc/chromium/src/chrome/common/ipc_channel_posix.cc, line 356
[Parent 11849, Gecko_IOThread] WARNING: pipe error (84): Connection reset by peer: file /build/firefox-Qjvn2X/firefox-63.0.3+build1/ipc/chromium/src/chrome/common/ipc_channel_posix.cc, line 356
1543232076599	Marionette	INFO	Stopped listening on port 41007
[Parent 12352, Gecko_IOThread] WARNING: pipe error (78): Connection reset by peer: file /build/firefox-Qjvn2X/firefox-63.0.3+build1/ipc/chromium/src/chrome/common/ipc_channel_posix.cc, line 356
[Parent 12352, Gecko_IOThread] WARNING: pipe error (65): Connection reset by peer: file /build/firefox-Qjvn2X/firefox-63.0.3+build1/ipc/chromium/src/chrome/common/ipc_channel_posix.cc, line 356
1543232078457	Marionette	INFO	Stopped listening on port 38775
[Parent 12101, Gecko_IOThread] WARNING: pipe error (81): Connection reset by peer: file /build/firefox-Qjvn2X/firefox-63.0.3+build1/ipc/chromium/src/chrome/common/ipc_channel_posix.cc, line 356
[Parent 12101, Gecko_IOThread] WARNING: pipe error (78): Connection reset by peer: file /build/firefox-Qjvn2X/firefox-63.0.3+build1/ipc/chromium/src/chrome/common/ipc_channel_posix.cc, line 356
1543232079035	Marionette	INFO	Stopped listening on port 39437
console.error: "Tried to send a 'tabDetached' event on an already destroyed actor 'frameTarget'"
[Parent 10732, Gecko_IOThread] WARNING: pipe error (78): Connection reset by peer: file /build/firefox-Qjvn2X/firefox-63.0.3+build1/ipc/chromium/src/chrome/common/ipc_channel_posix.cc, line 356
[Parent 10732, Gecko_IOThread] WARNING: pipe error (92): Connection reset by peer: file /build/firefox-Qjvn2X/firefox-63.0.3+build1/ipc/chromium/src/chrome/common/ipc_channel_posix.cc, line 356
1543232080360	Marionette	INFO	Stopped listening on port 38935
1543232209936	mozrunner::runner	INFO	Running command: "/usr/bin/firefox" "-marionette" "-foreground" "-no-remote" "-profile" "/tmp/rust_mozprofile.A4m3wieggIYj"
1543232212032	Marionette	INFO	Listening on port 39885
1543232212048	Marionette	WARN	TLS certificate errors will be ignored for this session
1543232229608	mozrunner::runner	INFO	Running command: "/usr/bin/firefox" "-marionette" "-foreground" "-no-remote" "-profile" "/tmp/rust_mozprofile.DRMeNM3AIbsh"
1543232231615	Marionette	INFO	Listening on port 39459
1543232231714	Marionette	WARN	TLS certificate errors will be ignored for this session
console.error: BroadcastService: 
  receivedBroadcastMessage: handler for
  remote-settings/monitor_changes
  threw error:
  Message: Error: Polling for changes failed: NetworkError when attempting to fetch resource..
  Stack:
    remoteSettingsFunction/remoteSettings.pollChanges@resource://services-settings/remote-settings.js:721:13

console.error: BroadcastService: 
  receivedBroadcastMessage: handler for
  remote-settings/monitor_changes
  threw error:
  Message: Error: Polling for changes failed: NetworkError when attempting to fetch resource..
  Stack:
    remoteSettingsFunction/remoteSettings.pollChanges@resource://services-settings/remote-settings.js:721:13

1543232255103	mozrunner::runner	INFO	Running command: "/usr/bin/firefox" "-marionette" "-foreground" "-no-remote" "-profile" "/tmp/rust_mozprofile.qfioGq3nYjup"
1543232257152	Marionette	INFO	Listening on port 44857
1543232257209	Marionette	WARN	TLS certificate errors will be ignored for this session
console.error: BroadcastService: 
  receivedBroadcastMessage: handler for
  remote-settings/monitor_changes
  threw error:
  Message: Error: Polling for changes failed: NetworkError when attempting to fetch resource..
  Stack:
    remoteSettingsFunction/remoteSettings.pollChanges@resource://services-settings/remote-settings.js:721:13

1543232301476	mozrunner::runner	INFO	Running command: "/usr/bin/firefox" "-marionette" "-foreground" "-no-remote" "-profile" "/tmp/rust_mozprofile.GDLVULI1LcAO"
1543232303765	Marionette	INFO	Listening on port 37465
1543232303785	Marionette	WARN	TLS certificate errors will be ignored for this session
[Parent 13087, Gecko_IOThread] WARNING: pipe error (78): Connection reset by peer: file /build/firefox-Qjvn2X/firefox-63.0.3+build1/ipc/chromium/src/chrome/common/ipc_channel_posix.cc, line 356
[Parent 13087, Gecko_IOThread] WARNING: pipe error (84): Connection reset by peer: file /build/firefox-Qjvn2X/firefox-63.0.3+build1/ipc/chromium/src/chrome/common/ipc_channel_posix.cc, line 356
1543232315162	Marionette	INFO	Stopped listening on port 44857
[Parent 12620, Gecko_IOThread] WARNING: pipe error (78): Connection reset by peer: file /build/firefox-Qjvn2X/firefox-63.0.3+build1/ipc/chromium/src/chrome/common/ipc_channel_posix.cc, line 356
[Parent 12620, Gecko_IOThread] WARNING: pipe error (65): Connection reset by peer: file /build/firefox-Qjvn2X/firefox-63.0.3+build1/ipc/chromium/src/chrome/common/ipc_channel_posix.cc, line 356
1543232316332	Marionette	INFO	Stopped listening on port 39885
[Parent 12854, Gecko_IOThread] WARNING: pipe error (84): Connection reset by peer: file /build/firefox-Qjvn2X/firefox-63.0.3+build1/ipc/chromium/src/chrome/common/ipc_channel_posix.cc, line 356
[Parent 12854, Gecko_IOThread] WARNING: pipe error (78): Connection reset by peer: file /build/firefox-Qjvn2X/firefox-63.0.3+build1/ipc/chromium/src/chrome/common/ipc_channel_posix.cc, line 356
1543232317514	Marionette	INFO	Stopped listening on port 39459
1543232320769	mozrunner::runner	INFO	Running command: "/usr/bin/firefox" "-marionette" "-foreground" "-no-remote" "-profile" "/tmp/rust_mozprofile.nqhof1mMSlO7"
1543232323052	Marionette	INFO	Listening on port 41063
1543232323079	Marionette	WARN	TLS certificate errors will be ignored for this session
1543232338928	mozrunner::runner	INFO	Running command: "/usr/bin/firefox" "-marionette" "-foreground" "-no-remote" "-profile" "/tmp/rust_mozprofile.jb96XOxIuiOR"
1543232341071	Marionette	INFO	Listening on port 40165
1543232341135	Marionette	WARN	TLS certificate errors will be ignored for this session
console.error: BroadcastService: 
  receivedBroadcastMessage: handler for
  remote-settings/monitor_changes
  threw error:
  Message: Error: Polling for changes failed: NetworkError when attempting to fetch resource..
  Stack:
    remoteSettingsFunction/remoteSettings.pollChanges@resource://services-settings/remote-settings.js:721:13

console.error: BroadcastService: 
  receivedBroadcastMessage: handler for
  remote-settings/monitor_changes
  threw error:
  Message: Error: Polling for changes failed: NetworkError when attempting to fetch resource..
  Stack:
    remoteSettingsFunction/remoteSettings.pollChanges@resource://services-settings/remote-settings.js:721:13

[Parent 13809, Gecko_IOThread] WARNING: pipe error (86): Connection reset by peer: file /build/firefox-Qjvn2X/firefox-63.0.3+build1/ipc/chromium/src/chrome/common/ipc_channel_posix.cc, line 356
[Parent 13809, Gecko_IOThread] WARNING: pipe error (78): Connection reset by peer: file /build/firefox-Qjvn2X/firefox-63.0.3+build1/ipc/chromium/src/chrome/common/ipc_channel_posix.cc, line 356
1543232357269	Marionette	INFO	Stopped listening on port 40165
[Parent 13572, Gecko_IOThread] WARNING: pipe error (78): Connection reset by peer: file /build/firefox-Qjvn2X/firefox-63.0.3+build1/ipc/chromium/src/chrome/common/ipc_channel_posix.cc, line 356
[Parent 13572, Gecko_IOThread] WARNING: pipe error (86): Connection reset by peer: file /build/firefox-Qjvn2X/firefox-63.0.3+build1/ipc/chromium/src/chrome/common/ipc_channel_posix.cc, line 356
1543232358857	Marionette	INFO	Stopped listening on port 41063
1543232506590	mozrunner::runner	INFO	Running command: "/usr/bin/firefox" "-marionette" "-foreground" "-no-remote" "-profile" "/tmp/rust_mozprofile.9Gvw1J2xyzCH"
1543232508744	Marionette	INFO	Listening on port 35613
1543232508795	Marionette	WARN	TLS certificate errors will be ignored for this session
console.error: BroadcastService: 
  receivedBroadcastMessage: handler for
  remote-settings/monitor_changes
  threw error:
  Message: Error: Polling for changes failed: NetworkError when attempting to fetch resource..
  Stack:
    remoteSettingsFunction/remoteSettings.pollChanges@resource://services-settings/remote-settings.js:721:13

1543232566906	mozrunner::runner	INFO	Running command: "/usr/bin/firefox" "-marionette" "-foreground" "-no-remote" "-profile" "/tmp/rust_mozprofile.Gtd6gJh2MAqs"
1543232569198	Marionette	INFO	Listening on port 45147
1543232569214	Marionette	WARN	TLS certificate errors will be ignored for this session
console.error: BroadcastService: 
  receivedBroadcastMessage: handler for
  remote-settings/monitor_changes
  threw error:
  Message: Error: Polling for changes failed: NetworkError when attempting to fetch resource..
  Stack:
    remoteSettingsFunction/remoteSettings.pollChanges@resource://services-settings/remote-settings.js:721:13

1543232740004	mozrunner::runner	INFO	Running command: "/usr/bin/firefox" "-marionette" "-foreground" "-no-remote" "-profile" "/tmp/rust_mozprofile.n3xO9QbGhQVn"
1543232742149	Marionette	INFO	Listening on port 37777
1543232742218	Marionette	WARN	TLS certificate errors will be ignored for this session
console.error: BroadcastService: 
  receivedBroadcastMessage: handler for
  remote-settings/monitor_changes
  threw error:
  Message: Error: Polling for changes failed: NetworkError when attempting to fetch resource..
  Stack:
    remoteSettingsFunction/remoteSettings.pollChanges@resource://services-settings/remote-settings.js:721:13

1543248754243	Marionette	INFO	Stopped listening on port 37777
[Parent 14061, Gecko_IOThread] WARNING: pipe error (78): Connection reset by peer: file /build/firefox-Qjvn2X/firefox-63.0.3+build1/ipc/chromium/src/chrome/common/ipc_channel_posix.cc, line 356
[Parent 14061, Gecko_IOThread] WARNING: pipe error (65): Connection reset by peer: file /build/firefox-Qjvn2X/firefox-63.0.3+build1/ipc/chromium/src/chrome/common/ipc_channel_posix.cc, line 356
1543248755563	Marionette	INFO	Stopped listening on port 35613
[Parent 14302, Gecko_IOThread] WARNING: pipe error (78): Connection reset by peer: file /build/firefox-Qjvn2X/firefox-63.0.3+build1/ipc/chromium/src/chrome/common/ipc_channel_posix.cc, line 356
[Parent 14302, Gecko_IOThread] WARNING: pipe error (39): Connection reset by peer: file /build/firefox-Qjvn2X/firefox-63.0.3+build1/ipc/chromium/src/chrome/common/ipc_channel_posix.cc, line 356
1543248759576	Marionette	INFO	Stopped listening on port 45147
[Parent 13322, Gecko_IOThread] WARNING: pipe error (78): Connection reset by peer: file /build/firefox-Qjvn2X/firefox-63.0.3+build1/ipc/chromium/src/chrome/common/ipc_channel_posix.cc, line 356
[Parent 13322, Gecko_IOThread] WARNING: pipe error (40): Connection reset by peer: file /build/firefox-Qjvn2X/firefox-63.0.3+build1/ipc/chromium/src/chrome/common/ipc_channel_posix.cc, line 356
1543248760803	Marionette	INFO	Stopped listening on port 37465
